Determining if the pthread_create exist failed with the following output:
Change Dir: /home/alpopesc/myfiles/Programmation/Ba3/Small_Project/NeuronNet/build/CMakeFiles/CMakeTmp

Run Build Command:"/usr/bin/make" "cmTC_62ebd/fast"
/usr/bin/make -f CMakeFiles/cmTC_62ebd.dir/build.make CMakeFiles/cmTC_62ebd.dir/build
make[1]: Entering directory '/home/alpopesc/myfiles/Programmation/Ba3/Small_Project/NeuronNet/build/CMakeFiles/CMakeTmp'
Building C object CMakeFiles/cmTC_62ebd.dir/CheckSymbolExists.c.o
/usr/bin/cc    -o CMakeFiles/cmTC_62ebd.dir/CheckSymbolExists.c.o   -c /home/alpopesc/myfiles/Programmation/Ba3/Small_Project/NeuronNet/build/CMakeFiles/CMakeTmp/CheckSymbolExists.c
Linking C executable cmTC_62ebd
/usr/bin/cmake -E cmake_link_script CMakeFiles/cmTC_62ebd.dir/link.txt --verbose=1
/usr/bin/cc      -rdynamic CMakeFiles/cmTC_62ebd.dir/CheckSymbolExists.c.o  -o cmTC_62ebd 
CMakeFiles/cmTC_62ebd.dir/CheckSymbolExists.c.o: In function `main':
CheckSymbolExists.c:(.text+0x1b): undefined reference to `pthread_create'
collect2: error: ld returned 1 exit status
CMakeFiles/cmTC_62ebd.dir/build.make:97: recipe for target 'cmTC_62ebd' failed
make[1]: *** [cmTC_62ebd] Error 1
make[1]: Leaving directory '/home/alpopesc/myfiles/Programmation/Ba3/Small_Project/NeuronNet/build/CMakeFiles/CMakeTmp'
Makefile:126: recipe for target 'cmTC_62ebd/fast' failed
make: *** [cmTC_62ebd/fast] Error 2

File /home/alpopesc/myfiles/Programmation/Ba3/Small_Project/NeuronNet/build/CMakeFiles/CMakeTmp/CheckSymbolExists.c:
/* */
#include <pthread.h>

int main(int argc, char** argv)
{
  (void)argv;
#ifndef pthread_create
  return ((int*)(&pthread_create))[argc];
#else
  (void)argc;
  return 0;
#endif
}

Determining if the function pthread_create exists in the pthreads failed with the following output:
Change Dir: /home/alpopesc/myfiles/Programmation/Ba3/Small_Project/NeuronNet/build/CMakeFiles/CMakeTmp

Run Build Command:"/usr/bin/make" "cmTC_b4569/fast"
/usr/bin/make -f CMakeFiles/cmTC_b4569.dir/build.make CMakeFiles/cmTC_b4569.dir/build
make[1]: Entering directory '/home/alpopesc/myfiles/Programmation/Ba3/Small_Project/NeuronNet/build/CMakeFiles/CMakeTmp'
Building C object CMakeFiles/cmTC_b4569.dir/CheckFunctionExists.c.o
/usr/bin/cc   -DCHECK_FUNCTION_EXISTS=pthread_create   -o CMakeFiles/cmTC_b4569.dir/CheckFunctionExists.c.o   -c /usr/share/cmake-3.10/Modules/CheckFunctionExists.c
Linking C executable cmTC_b4569
/usr/bin/cmake -E cmake_link_script CMakeFiles/cmTC_b4569.dir/link.txt --verbose=1
/usr/bin/cc  -DCHECK_FUNCTION_EXISTS=pthread_create    -rdynamic CMakeFiles/cmTC_b4569.dir/CheckFunctionExists.c.o  -o cmTC_b4569 -lpthreads 
/usr/bin/ld: cannot find -lpthreads
collect2: error: ld returned 1 exit status
CMakeFiles/cmTC_b4569.dir/build.make:97: recipe for target 'cmTC_b4569' failed
make[1]: *** [cmTC_b4569] Error 1
make[1]: Leaving directory '/home/alpopesc/myfiles/Programmation/Ba3/Small_Project/NeuronNet/build/CMakeFiles/CMakeTmp'
Makefile:126: recipe for target 'cmTC_b4569/fast' failed
make: *** [cmTC_b4569/fast] Error 2


